C:\USERS\TTI12SHENRIS\DESKTOP\YAM2D\TOOLS\TMXMAPVIEWER\BIN\TMXMAPVIEWER.EXE
C:\USERS\TTI12SHENRIS\DESKTOP\YAM2D\TOOLS\TMXMAPVIEWER\BIN\TMXMAPVIEWER.ILK
C:\USERS\TTI12SHENRIS\DESKTOP\YAM2D\TOOLS\TMXMAPVIEWER\BIN\TMXMAPVIEWER.PDB
C:\Users\TTI12SHenriS\Desktop\yam2d\Tools\TmxMapViewer\build\..\bin\TmxMapViewer.exe
C:\Users\TTI12SHenriS\Desktop\yam2d\Tools\TmxMapViewer\build\..\bin\TmxMapViewer.ilk
C:\Users\TTI12SHenriS\Desktop\yam2d\Tools\TmxMapViewer\build\..\bin\TmxMapViewer.pdb
C:\Users\TTI12SHenriS\Desktop\yam2d\Tools\TmxMapViewer\build\Debug\cl.command.1.tlog
C:\Users\TTI12SHenriS\Desktop\yam2d\Tools\TmxMapViewer\build\Debug\CL.read.1.tlog
C:\Users\TTI12SHenriS\Desktop\yam2d\Tools\TmxMapViewer\build\Debug\CL.write.1.tlog
C:\Users\TTI12SHenriS\Desktop\yam2d\Tools\TmxMapViewer\build\Debug\link.1644.read.1.tlog
C:\Users\TTI12SHenriS\Desktop\yam2d\Tools\TmxMapViewer\build\Debug\link.1644.write.1.tlog
C:\Users\TTI12SHenriS\Desktop\yam2d\Tools\TmxMapViewer\build\Debug\link.1644-cvtres.read.1.tlog
C:\Users\TTI12SHenriS\Desktop\yam2d\Tools\TmxMapViewer\build\Debug\link.1644-cvtres.write.1.tlog
C:\Users\TTI12SHenriS\Desktop\yam2d\Tools\TmxMapViewer\build\Debug\link.command.1.tlog
C:\Users\TTI12SHenriS\Desktop\yam2d\Tools\TmxMapViewer\build\Debug\link.read.1.tlog
C:\Users\TTI12SHenriS\Desktop\yam2d\Tools\TmxMapViewer\build\Debug\link.write.1.tlog
C:\Users\TTI12SHenriS\Desktop\yam2d\Tools\TmxMapViewer\build\Debug\link-cvtres.read.1.tlog
C:\Users\TTI12SHenriS\Desktop\yam2d\Tools\TmxMapViewer\build\Debug\link-cvtres.write.1.tlog
C:\USERS\TTI12SHENRIS\DESKTOP\YAM2D\TOOLS\TMXMAPVIEWER\BUILD\DEBUG\MAPVIEWER.OBJ
C:\Users\TTI12SHenriS\Desktop\yam2d\Tools\TmxMapViewer\build\Debug\mt.command.1.tlog
C:\Users\TTI12SHenriS\Desktop\yam2d\Tools\TmxMapViewer\build\Debug\mt.read.1.tlog
C:\Users\TTI12SHenriS\Desktop\yam2d\Tools\TmxMapViewer\build\Debug\mt.write.1.tlog
C:\Users\TTI12SHenriS\Desktop\yam2d\Tools\TmxMapViewer\build\Debug\rc.command.1.tlog
C:\Users\TTI12SHenriS\Desktop\yam2d\Tools\TmxMapViewer\build\Debug\rc.read.1.tlog
C:\Users\TTI12SHenriS\Desktop\yam2d\Tools\TmxMapViewer\build\Debug\rc.write.1.tlog
C:\USERS\TTI12SHENRIS\DESKTOP\YAM2D\TOOLS\TMXMAPVIEWER\BUILD\DEBUG\TMXMAPVIEWER.EXE.EMBED.MANIFEST
C:\USERS\TTI12SHENRIS\DESKTOP\YAM2D\TOOLS\TMXMAPVIEWER\BUILD\DEBUG\TMXMAPVIEWER.EXE.EMBED.MANIFEST.RES
C:\USERS\TTI12SHENRIS\DESKTOP\YAM2D\TOOLS\TMXMAPVIEWER\BUILD\DEBUG\TMXMAPVIEWER.EXE.INTERMEDIATE.MANIFEST
C:\Users\TTI12SHenriS\Desktop\yam2d\Tools\TmxMapViewer\build\Debug\TmxMapViewer.write.1.tlog
C:\Users\TTI12SHenriS\Desktop\yam2d\Tools\TmxMapViewer\build\Debug\TmxMapViewer_manifest.rc
C:\Users\TTI12SHenriS\Desktop\yam2d\Tools\TmxMapViewer\build\Debug\vc100.idb
C:\USERS\TTI12SHENRIS\DESKTOP\YAM2D\TOOLS\TMXMAPVIEWER\BUILD\DEBUG\VC100.PDB
