Z:\NUTS\DEBUG\NUTS.EXE
Z:\NUTS\DEBUG\NUTS.ILK
Z:\NUTS\DEBUG\NUTS.PDB
Z:\Nuts\Nuts\Debug\cl.command.1.tlog
Z:\Nuts\Nuts\Debug\CL.read.1.tlog
Z:\Nuts\Nuts\Debug\CL.write.1.tlog
Z:\Nuts\Nuts\Debug\link.4760.read.1.tlog
Z:\Nuts\Nuts\Debug\link.4760.write.1.tlog
Z:\Nuts\Nuts\Debug\link.4760-cvtres.read.1.tlog
Z:\Nuts\Nuts\Debug\link.4760-cvtres.write.1.tlog
Z:\Nuts\Nuts\Debug\link.5420.read.1.tlog
Z:\Nuts\Nuts\Debug\link.5420.write.1.tlog
Z:\Nuts\Nuts\Debug\link.5420-cvtres.read.1.tlog
Z:\Nuts\Nuts\Debug\link.5420-cvtres.write.1.tlog
Z:\Nuts\Nuts\Debug\link.6236.read.1.tlog
Z:\Nuts\Nuts\Debug\link.6236.write.1.tlog
Z:\Nuts\Nuts\Debug\link.6236-cvtres.read.1.tlog
Z:\Nuts\Nuts\Debug\link.6236-cvtres.write.1.tlog
Z:\Nuts\Nuts\Debug\link.8656.read.1.tlog
Z:\Nuts\Nuts\Debug\link.8656.write.1.tlog
Z:\Nuts\Nuts\Debug\link.8656-cvtres.read.1.tlog
Z:\Nuts\Nuts\Debug\link.8656-cvtres.write.1.tlog
Z:\Nuts\Nuts\Debug\link.command.1.tlog
Z:\Nuts\Nuts\Debug\link.read.1.tlog
Z:\Nuts\Nuts\Debug\link.write.1.tlog
Z:\Nuts\Nuts\Debug\link-cvtres.read.1.tlog
Z:\Nuts\Nuts\Debug\link-cvtres.write.1.tlog
Z:\NUTS\NUTS\DEBUG\MAIN.OBJ
Z:\Nuts\Nuts\Debug\mt.command.1.tlog
Z:\Nuts\Nuts\Debug\mt.read.1.tlog
Z:\Nuts\Nuts\Debug\mt.write.1.tlog
Z:\NUTS\NUTS\DEBUG\NUTS.EXE.EMBED.MANIFEST
Z:\NUTS\NUTS\DEBUG\NUTS.EXE.EMBED.MANIFEST.RES
Z:\NUTS\NUTS\DEBUG\NUTS.EXE.INTERMEDIATE.MANIFEST
Z:\Nuts\Nuts\Debug\Nuts.write.1.tlog
Z:\Nuts\Nuts\Debug\Nuts_manifest.rc
Z:\Nuts\Nuts\Debug\rc.command.1.tlog
Z:\Nuts\Nuts\Debug\rc.read.1.tlog
Z:\Nuts\Nuts\Debug\rc.write.1.tlog
Z:\Nuts\Nuts\Debug\ResolveAssemblyReference.cache
Z:\Nuts\Nuts\Debug\vc100.idb
Z:\NUTS\NUTS\DEBUG\VC100.PDB
